# JRE version: Java(TM) SE Runtime Environment (26.0+35) (build 26+35-2893)
# Java VM: Java HotSpot(TM) 64-Bit Server VM (26+35-2893, mixed mode, sharing, tiered, compressed oops, compressed class ptrs, g1 gc, windows-amd64)
GC Precious Log:
 CardTable entry size: 512
 Card Set container configuration: InlinePtr #cards 5 size 8 Array Of Cards #cards 10 size 36 Howl #buckets 4 coarsen threshold 1843 Howl Bitmap #cards 512 size 80 coarsen threshold 460 Card regions per heap region 1 cards per card region 2048
 CPUs: 4 total, 4 available
 Memory: 8025M
 Large Page Support: Disabled
 NUMA Support: Disabled
 Compressed Oops: Enabled (32-bit)
 Heap Region Size: 1M
 Heap Min Capacity: 8M
 Heap Initial Capacity: 8M
 Heap Max Capacity: 2008M
 Pre-touch: Disabled
 Parallel Workers: 4
 Concurrent Workers: 1
 Concurrent Refinement Workers: 4
 Periodic GC: Disabled
Heap:
 garbage-first heap   total reserved 2056192K, committed 13312K, used 4599K [0x0000000082800000, 0x0000000100000000)
  region size 1M, 1 eden (1M), 1 survivor (1M), 5 old (5M), 0 humongous (0M), 6 free (6M)
GC Heap Usage History (12 events):
Event: 0.280 {heap Before GC invocations=0 (full 0):
 garbage-first heap   total reserved 2056192K, committed 10240K, used 4259K [0x0000000082800000, 0x0000000100000000)
  region size 1M, 4 eden (4M), 0 survivor (0M), 2 old (2M), 0 humongous (0M), 4 free (4M)
}
Event: 0.284 {heap After GC invocations=1 (full 0):
 garbage-first heap   total reserved 2056192K, committed 10240K, used 2627K [0x0000000082800000, 0x0000000100000000)
  region size 1M, 0 eden (0M), 1 survivor (1M), 3 old (3M), 0 humongous (0M), 6 free (6M)
}
Event: 0.408 {heap Before GC invocations=1 (full 0):
 garbage-first heap   total reserved 2056192K, committed 10240K, used 3651K [0x0000000082800000, 0x0000000100000000)
  region size 1M, 2 eden (2M), 1 survivor (1M), 3 old (3M), 0 humongous (0M), 4 free (4M)
}
Event: 0.410 {heap After GC invocations=2 (full 0):
 garbage-first heap   total reserved 2056192K, committed 10240K, used 2966K [0x0000000082800000, 0x0000000100000000)
  region size 1M, 0 eden (0M), 1 survivor (1M), 4 old (4M), 0 humongous (0M), 5 free (5M)
}
Event: 0.515 {heap Before GC invocations=2 (full 0):
 garbage-first heap   total reserved 2056192K, committed 10240K, used 3990K [0x0000000082800000, 0x0000000100000000)
  region size 1M, 2 eden (2M), 1 survivor (1M), 4 old (4M), 0 humongous (0M), 3 free (3M)
}
Event: 0.518 {heap After GC invocations=3 (full 0):
 garbage-first heap   total reserved 2056192K, committed 13312K, used 3500K [0x0000000082800000, 0x0000000100000000)
  region size 1M, 0 eden (0M), 1 survivor (1M), 4 old (4M), 0 humongous (0M), 8 free (8M)
}
Event: 0.722 {heap Before GC invocations=3 (full 0):
 garbage-first heap   total reserved 2056192K, committed 13312K, used 6572K [0x0000000082800000, 0x0000000100000000)
  region size 1M, 4 eden (4M), 1 survivor (1M), 4 old (4M), 0 humongous (0M), 4 free (4M)
}
Event: 0.725 {heap After GC invocations=4 (full 0):
 garbage-first heap   total reserved 2056192K, committed 13312K, used 4044K [0x0000000082800000, 0x0000000100000000)
  region size 1M, 0 eden (0M), 1 survivor (1M), 5 old (5M), 0 humongous (0M), 7 free (7M)
}
Event: 0.909 {heap Before GC invocations=4 (full 0):
 garbage-first heap   total reserved 2056192K, committed 13312K, used 8140K [0x0000000082800000, 0x0000000100000000)
  region size 1M, 4 eden (4M), 1 survivor (1M), 5 old (5M), 0 humongous (0M), 3 free (3M)
}
Event: 0.912 {heap After GC invocations=5 (full 0):
 garbage-first heap   total reserved 2056192K, committed 13312K, used 4338K [0x0000000082800000, 0x0000000100000000)
  region size 1M, 0 eden (0M), 1 survivor (1M), 5 old (5M), 0 humongous (0M), 7 free (7M)
}
Event: 1.072 {heap Before GC invocations=5 (full 0):
 garbage-first heap   total reserved 2056192K, committed 13312K, used 8434K [0x0000000082800000, 0x0000000100000000)
  region size 1M, 4 eden (4M), 1 survivor (1M), 5 old (5M), 0 humongous (0M), 3 free (3M)
}
Event: 1.074 {heap After GC invocations=6 (full 0):
 garbage-first heap   total reserved 2056192K, committed 13312K, used 4519K [0x0000000082800000, 0x0000000100000000)
  region size 1M, 0 eden (0M), 1 survivor (1M), 5 old (5M), 0 humongous (0M), 7 free (7M)
}

