# JRE version: Java(TM) SE Runtime Environment (26.0+35) (build 26+35-2893)
# Java VM: Java HotSpot(TM) 64-Bit Server VM (26+35-2893, mixed mode, sharing, tiered, compressed oops, compressed class ptrs, g1 gc, windows-amd64)
GC Precious Log:
 CardTable entry size: 512
 Card Set container configuration: InlinePtr #cards 5 size 8 Array Of Cards #cards 10 size 36 Howl #buckets 4 coarsen threshold 1843 Howl Bitmap #cards 512 size 80 coarsen threshold 460 Card regions per heap region 1 cards per card region 2048
 CPUs: 4 total, 4 available
 Memory: 8025M
 Large Page Support: Disabled
 NUMA Support: Disabled
 Compressed Oops: Enabled (32-bit)
 Heap Region Size: 1M
 Heap Min Capacity: 8M
 Heap Initial Capacity: 8M
 Heap Max Capacity: 2008M
 Pre-touch: Disabled
 Parallel Workers: 4
 Concurrent Workers: 1
 Concurrent Refinement Workers: 4
 Periodic GC: Disabled
Heap:
 garbage-first heap   total reserved 2056192K, committed 30720K, used 13985K [0x0000000082800000, 0x0000000100000000)
  region size 1M, 9 eden (9M), 2 survivor (2M), 4 old (4M), 1 humongous (1M), 14 free (14M)
GC Heap Usage History (10 events):
Event: 0.387 {heap Before GC invocations=0 (full 0):
 garbage-first heap   total reserved 2056192K, committed 10240K, used 4259K [0x0000000082800000, 0x0000000100000000)
  region size 1M, 4 eden (4M), 0 survivor (0M), 2 old (2M), 0 humongous (0M), 4 free (4M)
}
Event: 0.391 {heap After GC invocations=1 (full 0):
 garbage-first heap   total reserved 2056192K, committed 10240K, used 2056K [0x0000000082800000, 0x0000000100000000)
  region size 1M, 0 eden (0M), 1 survivor (1M), 2 old (2M), 0 humongous (0M), 7 free (7M)
}
Event: 0.656 {heap Before GC invocations=1 (full 0):
 garbage-first heap   total reserved 2056192K, committed 10240K, used 5128K [0x0000000082800000, 0x0000000100000000)
  region size 1M, 3 eden (3M), 1 survivor (1M), 2 old (2M), 0 humongous (0M), 4 free (4M)
}
Event: 0.659 {heap After GC invocations=2 (full 0):
 garbage-first heap   total reserved 2056192K, committed 10240K, used 2695K [0x0000000082800000, 0x0000000100000000)
  region size 1M, 0 eden (0M), 1 survivor (1M), 3 old (3M), 0 humongous (0M), 6 free (6M)
}
Event: 0.964 {heap Before GC invocations=2 (full 0):
 garbage-first heap   total reserved 2056192K, committed 10240K, used 3719K [0x0000000082800000, 0x0000000100000000)
  region size 1M, 3 eden (3M), 1 survivor (1M), 3 old (3M), 0 humongous (0M), 3 free (3M)
}
Event: 0.967 {heap After GC invocations=3 (full 0):
 garbage-first heap   total reserved 2056192K, committed 10240K, used 3366K [0x0000000082800000, 0x0000000100000000)
  region size 1M, 0 eden (0M), 1 survivor (1M), 4 old (4M), 0 humongous (0M), 5 free (5M)
}
Event: 9.406 {heap Before GC invocations=4 (full 0):
 garbage-first heap   total reserved 2056192K, committed 10240K, used 6438K [0x0000000082800000, 0x0000000100000000)
  region size 1M, 2 eden (2M), 1 survivor (1M), 4 old (4M), 1 humongous (1M), 2 free (2M)
}
Event: 9.412 {heap After GC invocations=5 (full 0):
 garbage-first heap   total reserved 2056192K, committed 30720K, used 4958K [0x0000000082800000, 0x0000000100000000)
  region size 1M, 0 eden (0M), 1 survivor (1M), 5 old (5M), 1 humongous (1M), 23 free (23M)
}
Event: 35.891 {heap Before GC invocations=5 (full 0):
 garbage-first heap   total reserved 2056192K, committed 30720K, used 16222K [0x0000000082800000, 0x0000000100000000)
  region size 1M, 12 eden (12M), 1 survivor (1M), 5 old (5M), 1 humongous (1M), 11 free (11M)
}
Event: 35.894 {heap After GC invocations=6 (full 0):
 garbage-first heap   total reserved 2056192K, committed 30720K, used 5793K [0x0000000082800000, 0x0000000100000000)
  region size 1M, 0 eden (0M), 2 survivor (2M), 4 old (4M), 1 humongous (1M), 23 free (23M)
}

