<?xml version="1.0" encoding="UTF-8"?>
<testsuite xmlns:xsi="http://www.w3.org/2001/XMLSchema-instance" xsi:noNamespaceSchemaLocation="https://maven.apache.org/surefire/maven-surefire-plugin/xsd/surefire-test-report-3.0.xsd" version="3.0" name="com.mycompany.hms.service.AppointmentServiceTest" time="1.299" tests="6" errors="0" skipped="0" failures="0">
  <properties>
[...]
</properties>
  <testcase name="rejects_unknown_patient" classname="com.mycompany.hms.service.AppointmentServiceTest" time="1.223"/>
  <testcase name="rejects_slot_outside_day" classname="com.mycompany.hms.service.AppointmentServiceTest" time="0.005"/>
  <testcase name="rejects_unknown_doctor" classname="com.mycompany.hms.service.AppointmentServiceTest" time="0.007"/>
  <testcase name="books_when_all_valid" classname="com.mycompany.hms.service.AppointmentServiceTest" time="0.013">
    <system-out><![CDATA[11:36:05.022 [main] INFO  c.m.h.s.AppointmentService - Appointment booked: id=42 patient=1 doctor=2 when=2026-04-26 10:00
]]></system-out>
  </testcase>
  <testcase name="rejects_past_date" classname="com.mycompany.hms.service.AppointmentServiceTest" time="0.004"/>
  <testcase name="rejects_double_booked_slot" classname="com.mycompany.hms.service.AppointmentServiceTest" time="0.007"/>
</testsuite>